<?xml version="1.0" encoding="UTF-8"?>
<testsuite name="ru.stqa.learn.addressbook.tests.ContactCreationTests" tests="3" skipped="0" failures="0" errors="0" timestamp="2022-11-29T08:37:30" hostname="DESKTOP-OFN6NJ1" time="18.909">
  <properties/>
  <testcase name="testContactCreation[0](ContactData{id='2147483647', firstname='Sui 0', lastname='Doe 0', address='road 0', homephone='123 0', email='1@ 0'})" classname="ru.stqa.learn.addressbook.tests.ContactCreationTests" time="8.731"/>
  <testcase name="testContactCreation[1](ContactData{id='2147483647', firstname='Sui 1', lastname='Doe 1', address='road 1', homephone='123 1', email='1@ 1'})" classname="ru.stqa.learn.addressbook.tests.ContactCreationTests" time="4.736"/>
  <testcase name="testContactCreationWithPhoto" classname="ru.stqa.learn.addressbook.tests.ContactCreationTests" time="4.924"/>
  <system-out><![CDATA[]]></system-out>
  <system-err><![CDATA[]]></system-err>
</testsuite>
