<?xml version="1.0" encoding="UTF-8"?>
<testsuite name="ru.stqa.learn.addressbook.tests.GroupCreationTests" tests="3" skipped="0" failures="0" errors="0" timestamp="2022-11-29T08:28:14" hostname="DESKTOP-OFN6NJ1" time="9.759">
  <properties/>
  <testcase name="testGroupCreation[0](GroupData{id='2147483647', name='test 0'})" classname="ru.stqa.learn.addressbook.tests.GroupCreationTests" time="3.961"/>
  <testcase name="testGroupCreation[1](GroupData{id='2147483647', name='test 1'})" classname="ru.stqa.learn.addressbook.tests.GroupCreationTests" time="2.907"/>
  <testcase name="testGroupCreation[2](GroupData{id='2147483647', name='test 2'})" classname="ru.stqa.learn.addressbook.tests.GroupCreationTests" time="2.885"/>
  <system-out><![CDATA[]]></system-out>
  <system-err><![CDATA[]]></system-err>
</testsuite>
