<?xml version="1.0" encoding="UTF-8"?>
<testsuite name="ru.stqa.learn.addressbook.tests.GroupModificationTests" tests="1" skipped="0" failures="0" errors="0" timestamp="2022-11-29T08:28:24" hostname="DESKTOP-OFN6NJ1" time="2.818">
  <properties/>
  <testcase name="testModification" classname="ru.stqa.learn.addressbook.tests.GroupModificationTests" time="2.818"/>
  <system-out><![CDATA[]]></system-out>
  <system-err><![CDATA[]]></system-err>
</testsuite>
